2026-03-16 14:15:09, Info                  SYSPRP ========================================================
2026-03-16 14:15:09, Info                  SYSPRP ===          Beginning of a new sysprep run          ===
2026-03-16 14:15:09, Info                  SYSPRP ========================================================
2026-03-16 14:15:09, Info       [0x0f004d] SYSPRP The time is now 2026-03-16 14:15:09
2026-03-16 14:15:09, Info       [0x0f004e] SYSPRP Initialized SysPrep log at C:\Windows\System32\Sysprep\Panther
2026-03-16 14:15:09, Info       [0x0f0054] SYSPRP ValidatePrivileges:User has required privileges to sysprep machine
2026-03-16 14:15:09, Info       [0x0f007e] SYSPRP FCreateTagFile:Tag file C:\Windows\System32\Sysprep\Sysprep_succeeded.tag does not already exist, no need to delete anything
2026-03-16 14:15:09, Warning               SYSPRP WinMain: File operations pending
2026-03-16 14:15:09, Info       [0x0f003d] SYSPRP WinMain:Displaying dialog box for user to choose sysprep mode...
2026-03-16 14:15:15, Info       [0x0f00d7] SYSPRP WinMain:Pre-validing 'cleanup' internal providers.
2026-03-16 14:15:15, Info                  SYSPRP RunDlls:Running platform actions specified in action file for phase 3
2026-03-16 14:15:15, Info                  SYSPRP SysprepSession::CreateSession: Successfully created instance with action file C:\Windows\System32\Sysprep\ActionFiles\Cleanup.xml, and mode <null>
2026-03-16 14:15:15, Info                  SYSPRP SysprepSession::Validate: Beginning action execution from C:\Windows\System32\Sysprep\ActionFiles\Cleanup.xml
2026-03-16 14:15:15, Info                  SYSPRP SysprepSession::CreateXPathForSelection: Sysprep mode in registry is <null>
2026-03-16 14:15:15, Info                  SYSPRP SysprepSession::CreateXPathForSelection: Processor architecture in registry is AMD64
2026-03-16 14:15:15, Info                  SYSPRP ActionPlatform::LaunchModule: Executing method 'Sysprep_Clean_Validate_Opk' from C:\Windows\System32\spopk.dll
2026-03-16 14:15:15, Info                  CSI    00000001 Shim considered [l:126]'\??\C:\Windows\Servicing\amd64_microsoft-windows-servicingstack_31bf3856ad364e35_10.0.19041.7052_none_7e3a3ae07c6c07ba\wcp.dll' : got STATUS_OBJECT_PATH_NOT_FOUND
2026-03-16 14:15:15, Info                  CSI    00000002 Shim considered [l:123]'\??\C:\Windows\WinSxS\amd64_microsoft-windows-servicingstack_31bf3856ad364e35_10.0.19041.7052_none_7e3a3ae07c6c07ba\wcp.dll' : got STATUS_SUCCESS
2026-03-16 14:15:16, Info                  SYSPRP Sysprep_Clean_Validate_Opk: Successfully validated reserves state on the machine for entering audit mode.
2026-03-16 14:15:16, Info                  SYSPRP ActionPlatform::LaunchModule: Successfully executed 'Sysprep_Clean_Validate_Opk' from C:\Windows\System32\spopk.dll
2026-03-16 14:15:16, Info       [0x0f00d7] SYSPRP WinMain:Pre-validing 'generalize' internal providers.
2026-03-16 14:15:16, Info                  SYSPRP RunDlls:Running platform actions specified in action file for phase 1
2026-03-16 14:15:16, Info                  SYSPRP SysprepSession::CreateSession: Successfully created instance with action file C:\Windows\System32\Sysprep\ActionFiles\Generalize.xml, and mode <null>
2026-03-16 14:15:16, Info                  SYSPRP SysprepSession::Validate: Beginning action execution from C:\Windows\System32\Sysprep\ActionFiles\Generalize.xml
2026-03-16 14:15:16, Info                  SYSPRP SysprepSession::CreateXPathForSelection: Sysprep mode in registry is <null>
2026-03-16 14:15:16, Info                  SYSPRP SysprepSession::CreateXPathForSelection: Processor architecture in registry is AMD64
2026-03-16 14:15:16, Info                  SYSPRP ActionPlatform::LaunchModule: Executing method 'ValidateBitLockerState' from C:\Windows\System32\BdeSysprep.dll
2026-03-16 14:15:16, Info                  SYSPRP ActionPlatform::LaunchModule: Successfully executed 'ValidateBitLockerState' from C:\Windows\System32\BdeSysprep.dll
2026-03-16 14:15:16, Info                  SYSPRP ActionPlatform::LaunchModule: Executing method 'SysprepGeneralizeValidate' from C:\Windows\System32\AppxSysprep.dll
2026-03-16 14:15:16, Info                  SYSPRP Entering SysprepGeneralizeValidate (Appx) - validating whether all apps are also provisioned.
2026-03-16 14:15:16, Error                 SYSPRP Package Microsoft.LanguageExperiencePackko-KR_19041.80.275.0_neutral__8wekyb3d8bbwe was installed for a user, but not provisioned for all users. This package will not function properly in the sysprep image.
2026-03-16 14:15:16, Error                 SYSPRP Failed to remove apps for the current user: 0x80073cf2.
2026-03-16 14:15:16, Error                 SYSPRP Exit code of RemoveAllApps thread was 0x3cf2.
2026-03-16 14:15:16, Error                 SYSPRP ActionPlatform::LaunchModule: Failure occurred while executing 'SysprepGeneralizeValidate' from C:\Windows\System32\AppxSysprep.dll; dwRet = 0x3cf2
2026-03-16 14:15:16, Error                 SYSPRP SysprepSession::Validate: Error in validating actions from C:\Windows\System32\Sysprep\ActionFiles\Generalize.xml; dwRet = 0x3cf2
2026-03-16 14:15:16, Error                 SYSPRP RunPlatformActions:Failed while validating Sysprep session actions; dwRet = 0x3cf2
2026-03-16 14:15:16, Error      [0x0f0070] SYSPRP RunDlls:An error occurred while running registry sysprep DLLs, halting sysprep execution. dwRet = 0x3cf2
2026-03-16 14:15:16, Error      [0x0f00d8] SYSPRP WinMain:Hit failure while pre-validate sysprep generalize internal providers; hr = 0x80073cf2
2026-03-16 14:15:57, Info       [0x0f0052] SYSPRP Shutting down SysPrep log
2026-03-16 14:15:57, Info       [0x0f004d] SYSPRP The time is now 2026-03-16 14:15:57
